<?xml version="1.0" encoding="UTF-8"?>
<coverage generated="1776229618562" clover="3.2.0">
  <project timestamp="1776229618562" name="All files">
    <metrics statements="3" coveredstatements="3" conditionals="0" coveredconditionals="0" methods="1" coveredmethods="1" elements="4" coveredelements="4" complexity="0" loc="3" ncloc="3" packages="1" files="1" classes="1"/>
    <file name="getElementSafeScript.ts" path="/Volumes/T7/Code/dxt-ui/packages/functional-basic/src/functions/getElementSafeScript.ts">
      <metrics statements="3" coveredstatements="3" conditionals="0" coveredconditionals="0" methods="1" coveredmethods="1"/>
      <line num="9" count="3" type="stmt"/>
      <line num="10" count="3" type="stmt"/>
      <line num="12" count="3" type="stmt"/>
    </file>
  </project>
</coverage>
