{"/Volumes/T7/Code/dxt-ui/packages/functional-basic/src/functions/getElementSafeScript.ts": {"path":"/Volumes/T7/Code/dxt-ui/packages/functional-basic/src/functions/getElementSafeScript.ts","statementMap":{"0":{"start":{"line":9,"column":17},"end":{"line":9,"column":43}},"1":{"start":{"line":10,"column":15},"end":{"line":10,"column":72}},"2":{"start":{"line":12,"column":2},"end":{"line":12,"column":null}}},"fnMap":{"0":{"name":"getElementSafeScript","decl":{"start":{"line":8,"column":16},"end":{"line":8,"column":37}},"loc":{"start":{"line":8,"column":68},"end":{"line":12,"column":null}},"line":8}},"branchMap":{},"s":{"0":3,"1":3,"2":3},"f":{"0":3},"b":{},"meta":{"lastBranch":0,"lastFunction":1,"lastStatement":3,"seen":{"f:8:16:8:37":0,"s:9:17:9:43":0,"s:10:15:10:72":1,"s:12:2:12:Infinity":2}}}
}
